<?xml version="1.0" encoding="UTF-8"?>
<!-- Generated by org.testng.reporters.JUnitReportReporter -->
<testsuite skipped="0" hostname="Shivani-PC" name="com.AppTestifyDemo.Annotation" tests="1" failures="0" timestamp="2020-04-12T12:10:08 IST" time="0.008" errors="0">
  <testcase name="test" time="0.008" classname="com.AppTestifyDemo.Annotation"/>
</testsuite> <!-- com.AppTestifyDemo.Annotation -->
