<?xml version="1.0" encoding="UTF-8"?>
<!-- Generated by org.testng.reporters.JUnitReportReporter -->
<testsuite skipped="0" hostname="Shivani-PC" name="test.LoginTest" tests="1" failures="0" timestamp="2020-04-12T19:33:45 IST" time="41.453" errors="0">
  <testcase name="HomeTest" time="41.453" classname="test.LoginTest"/>
</testsuite> <!-- test.LoginTest -->
